[rdb9@c158 ACT]$  python -m cProfile ACT.py --radius=2500 --nbins=2500 --annotationparser=Gene2Annotation --signalparser=SNP2Signal --output=test.out knownGene_1.txt trio-60_1.calls
         112567981 function calls (112567968 primitive calls) in 171.758 CPU seconds

   Ordered by: standard name

   ncalls  tottime  percall  cumtime  percall filename:lineno(function)
        1    0.000    0.000    0.002    0.002 <string>:1(<module>)
     5000    0.002    0.000    0.002    0.000 ACT.py:100(value)
        1    0.000    0.000    0.000    0.000 ACT.py:103(accumMedian)
     5000    0.092    0.000    0.182    0.000 ACT.py:121(accumFactory)
     4259   22.173    0.005   22.177    0.005 ACT.py:127(makeRelPos)
 21396080   22.728    0.000   36.893    0.000 ACT.py:139(contribution)
     4259    0.027    0.000    0.067    0.000 ACT.py:148(getFlankingSignals)
     4259    0.034    0.000    0.044    0.000 ACT.py:156(getFlankingPairs)
        1   83.013   83.013  171.755  171.755 ACT.py:73(<module>)
        1    0.000    0.000    0.000    0.000 ACT.py:88(Finished)
        1    0.000    0.000    0.000    0.000 ACT.py:91(accumMean)
     5000    0.090    0.000    0.090    0.000 ACT.py:92(__init__)
 21293146   17.918    0.000   17.918    0.000 ACT.py:94(add)
 21295000    3.945    0.000    3.945    0.000 ACT.py:96(finishPosition)
     5000    0.003    0.000    0.003    0.000 ACT.py:98(finalize)
        1    0.000    0.000    0.001    0.001 Gene2Annotation.py:16(<module>)
        1    0.040    0.040    0.069    0.069 Gene2Annotation.py:22(parseAnnotations)
        1    0.000    0.000    0.001    0.001 SNP2Signal.py:2(<module>)
        1    0.939    0.939    6.874    6.874 SNP2Signal.py:5(parseSignals)
        1    0.000    0.000    0.000    0.000 StandardParser.py:13(<module>)
   326009    0.199    0.000    0.267    0.000 UserDict.py:44(has_key)
   326009    0.241    0.000    0.508    0.000 UserDict.py:57(get)
        1    0.001    0.001    0.001    0.001 bisect.py:1(<module>)
        1    0.001    0.001    0.001    0.001 get1000GSNPAnnotations.py:2(<module>)
   671436    0.269    0.000    0.269    0.000 get1000GSNPAnnotations.py:30(homo)
   225018    0.142    0.000    0.226    0.000 get1000GSNPAnnotations.py:34(hetero)
   120418    0.048    0.000    0.048    0.000 get1000GSNPAnnotations.py:37(comp)
   326009    0.212    0.000    0.212    0.000 get1000GSNPAnnotations.py:40(mutant)
        1    0.000    0.000    0.000    0.000 get1000GSNPAnnotations.py:45(Handler)
   326317    1.309    0.000    3.343    0.000 get1000GSNPAnnotations.py:46(process)
   326009    0.617    0.000    1.287    0.000 get1000GSNPAnnotations.py:65(phase)
        1    0.000    0.000    0.000    0.000 getAnnotations.py:2(<module>)
   326010    0.253    0.000    0.253    0.000 getAnnotations.py:20(getAllAnnotationsGenerator)
        1    0.000    0.000    0.000    0.000 getAnnotations.py:4(annotationHandler)
        1    0.000    0.000    4.733    4.733 getAnnotations.py:5(__init__)
        1    1.124    1.124    4.733    4.733 getAnnotations.py:70(load)
        1    0.000    0.000    0.000    0.000 getAnnotations.py:84(TestHandler)
        5    0.000    0.000    0.000    0.000 getopt.py:145(do_longs)
        1    0.000    0.000    0.000    0.000 getopt.py:16(<module>)
        5    0.000    0.000    0.000    0.000 getopt.py:167(long_has_args)
        1    0.000    0.000    0.000    0.000 getopt.py:39(GetoptError)
        1    0.000    0.000    0.000    0.000 getopt.py:52(getopt)
   326009    0.274    0.000    0.781    0.000 os.py:508(getenv)
        1    0.000    0.000    0.001    0.001 re.py:178(compile)
        1    0.000    0.000    0.001    0.001 re.py:219(_compile)
        2    0.000    0.000    0.000    0.000 sre_compile.py:184(_compile_charset)
        2    0.000    0.000    0.000    0.000 sre_compile.py:213(_optimize_charset)
        6    0.000    0.000    0.000    0.000 sre_compile.py:24(_identityfunction)
        1    0.000    0.000    0.000    0.000 sre_compile.py:360(_simple)
        1    0.000    0.000    0.000    0.000 sre_compile.py:367(_compile_info)
      5/1    0.000    0.000    0.000    0.000 sre_compile.py:38(_compile)
        2    0.000    0.000    0.000    0.000 sre_compile.py:480(isstring)
        1    0.000    0.000    0.000    0.000 sre_compile.py:486(_code)
        1    0.000    0.000    0.001    0.001 sre_compile.py:501(compile)
        7    0.000    0.000    0.000    0.000 sre_parse.py:132(__len__)
       14    0.000    0.000    0.000    0.000 sre_parse.py:136(__getitem__)
        1    0.000    0.000    0.000    0.000 sre_parse.py:138(__setitem__)
        1    0.000    0.000    0.000    0.000 sre_parse.py:140(__getslice__)
        9    0.000    0.000    0.000    0.000 sre_parse.py:144(append)
      6/2    0.000    0.000    0.000    0.000 sre_parse.py:146(getwidth)
        1    0.000    0.000    0.000    0.000 sre_parse.py:184(__init__)
       18    0.000    0.000    0.000    0.000 sre_parse.py:188(__next)
       11    0.000    0.000    0.000    0.000 sre_parse.py:201(match)
       15    0.000    0.000    0.000    0.000 sre_parse.py:207(get)
        1    0.000    0.000    0.000    0.000 sre_parse.py:263(_escape)
      2/1    0.000    0.000    0.000    0.000 sre_parse.py:307(_parse_sub)
      3/1    0.000    0.000    0.000    0.000 sre_parse.py:385(_parse)
        1    0.000    0.000    0.000    0.000 sre_parse.py:669(parse)
        1    0.000    0.000    0.000    0.000 sre_parse.py:73(__init__)
        1    0.000    0.000    0.000    0.000 sre_parse.py:78(opengroup)
        1    0.000    0.000    0.000    0.000 sre_parse.py:89(closegroup)
        5    0.000    0.000    0.000    0.000 sre_parse.py:96(__init__)
     4259    0.027    0.000    0.027    0.000 {_bisect.bisect_left}
     4259    0.007    0.000    0.007    0.000 {_bisect.bisect_right}
        1    0.000    0.000    0.000    0.000 {_sre.compile}
     6633    0.009    0.000    0.009    0.000 {built-in method match}
        1    0.004    0.004  171.758  171.758 {execfile}
        3    0.000    0.000    0.000    0.000 {isinstance}
4328/4326    0.003    0.000    0.003    0.000 {len}
        1    0.000    0.000    0.000    0.000 {locals}
 21301666    6.517    0.000    6.517    0.000 {max}
   330341    0.077    0.000    0.077    0.000 {method 'append' of 'list' objects}
        1    0.000    0.000    0.000    0.000 {method 'disable' of '_lsprof.Profiler' objects}
        2    0.000    0.000    0.000    0.000 {method 'get' of 'dict' objects}
   326009    0.068    0.000    0.068    0.000 {method 'has_key' of 'dict' objects}
        5    0.000    0.000    0.000    0.000 {method 'index' of 'str' objects}
        1    0.000    0.000    0.000    0.000 {method 'items' of 'dict' objects}
        3    0.000    0.000    0.000    0.000 {method 'iteritems' of 'dict' objects}
        2    0.032    0.016    0.032    0.016 {method 'keys' of 'dict' objects}
        1    0.000    0.000    0.000    0.000 {method 'remove' of 'list' objects}
   332950    0.114    0.000    0.114    0.000 {method 'rstrip' of 'str' objects}
  1310669    0.353    0.000    0.353    0.000 {method 'setdefault' of 'dict' objects}
        1    0.008    0.008    0.008    0.008 {method 'sort' of 'list' objects}
   332950    0.650    0.000    0.650    0.000 {method 'split' of 'str' objects}
       66    0.000    0.000    0.000    0.000 {method 'startswith' of 'str' objects}
 21293158    7.658    0.000    7.658    0.000 {min}
        3    0.030    0.010    0.030    0.010 {open}
        6    0.000    0.000    0.000    0.000 {ord}
     4260    0.006    0.000    0.006    0.000 {range}
        2    0.388    0.194    0.388    0.194 {sorted}
        1    0.114    0.114    0.114    0.114 {zip}

